[ERROR] 2025-05-20T15:25:19.894Z - addFriend викинув помилку: Такого користувача не існує
[ERROR] 2025-05-20T15:55:31.631Z - auth викинув помилку: Неправильний логін або пароль
[ERROR] 2025-05-20T15:55:49.742Z - addFriend викинув помилку: Неавторизований доступ
[ERROR] 2025-05-20T16:02:34.284Z - addFriend викинув помилку: Неавторизований доступ
[ERROR] 2025-05-20T16:03:07.593Z - addFriend викинув помилку: Неавторизований доступ
[ERROR] 2025-05-20T16:03:48.828Z - createSession викинув помилку: Неавторизований доступ
[ERROR] 2025-05-28T09:52:47.675Z - addFriend викинув помилку: Такого користувача не існує
[ERROR] 2025-05-28T09:52:56.189Z - joinSession викинув помилку: Такої сесії не існує, або до неї неможливо доєднатися
[ERROR] 2025-05-28T09:52:59.378Z - joinSession викинув помилку: Такої сесії не існує, або до неї неможливо доєднатися
[ERROR] 2025-05-29T13:09:30.544Z - leaveSession викинув помилку: Неавторизований доступ
[ERROR] 2025-06-02T13:16:02.258Z - leaveSession викинув помилку: Неавторизований доступ
[ERROR] 2025-06-02T13:28:42.389Z - leaveSession викинув помилку: Неавторизований доступ
[ERROR] 2025-06-02T13:48:12.118Z - leaveSession викинув помилку: Неавторизований доступ
[ERROR] 2025-06-02T13:48:37.991Z - leaveSession викинув помилку: Неавторизований доступ
[ERROR] 2025-06-02T13:59:19.333Z - joinSession викинув помилку: Такої сесії не існує, або до неї неможливо доєднатися
[ERROR] 2025-06-02T13:59:21.913Z - joinSession викинув помилку: Такої сесії не існує, або до неї неможливо доєднатися
[ERROR] 2025-06-02T13:59:26.129Z - joinSession викинув помилку: Такої сесії не існує, або до неї неможливо доєднатися
[ERROR] 2025-06-02T13:59:29.983Z - joinSession викинув помилку: Такої сесії не існує, або до неї неможливо доєднатися
[ERROR] 2025-06-02T13:59:32.864Z - joinSession викинув помилку: Такої сесії не існує, або до неї неможливо доєднатися
[ERROR] 2025-06-02T13:59:54.855Z - joinSession викинув помилку: Такої сесії не існує, або до неї неможливо доєднатися
[ERROR] 2025-06-02T14:02:23.473Z - leaveSession викинув помилку: Неавторизований доступ
[ERROR] 2025-06-02T14:02:46.332Z - leaveSession викинув помилку: Неавторизований доступ
[ERROR] 2025-06-02T14:02:51.036Z - auth викинув помилку: Неправильний логін або пароль
[ERROR] 2025-06-02T14:10:37.567Z - leaveSession викинув помилку: Неавторизований доступ
[ERROR] 2025-06-02T14:35:00.972Z - leaveSession викинув помилку: Неавторизований доступ
[ERROR] 2025-06-02T14:38:53.241Z - leaveSession викинув помилку: Неавторизований доступ
[ERROR] 2025-06-02T14:39:23.623Z - leaveSession викинув помилку: Неавторизований доступ
[ERROR] 2025-06-03T10:41:01.569Z - leaveSession викинув помилку: Неавторизований доступ
[ERROR] 2025-06-03T10:42:41.781Z - leaveSession викинув помилку: Неавторизований доступ
[ERROR] 2025-06-03T10:50:37.200Z - leaveSession викинув помилку: Неавторизований доступ
[ERROR] 2025-06-03T10:58:43.908Z - leaveSession викинув помилку: Неавторизований доступ
[ERROR] 2025-06-03T11:06:35.680Z - joinSession викинув помилку: Такої сесії не існує, або до неї неможливо доєднатися
[ERROR] 2025-06-03T11:20:29.397Z - leaveSession викинув помилку: Неавторизований доступ
[ERROR] 2025-06-03T11:20:35.992Z - create викинув помилку: Такий логін вже зареєстровано
[ERROR] 2025-06-03T11:20:42.891Z - joinSession викинув помилку: Такої сесії не існує, або до неї неможливо доєднатися
[ERROR] 2025-06-03T11:36:26.539Z - leaveSession викинув помилку: Неавторизований доступ
[ERROR] 2025-06-03T16:29:57.712Z - leaveSession викинув помилку: Неавторизований доступ
[ERROR] 2025-06-03T16:59:20.722Z - leaveSession викинув помилку: Неавторизований доступ
[ERROR] 2025-06-03T17:07:36.630Z - auth викинув помилку: Неправильний логін або пароль
[ERROR] 2025-06-03T17:07:56.683Z - leaveSession викинув помилку: Неавторизований доступ
[ERROR] 2025-06-03T17:08:03.735Z - createSession викинув помилку: SQLITE_ERROR: table Session has no column named currentBet
[ERROR] 2025-06-03T17:11:50.865Z - createSession викинув помилку: SQLITE_ERROR: table Session has no column named currentBet
[ERROR] 2025-06-03T18:49:49.318Z - leaveSession викинув помилку: Неавторизований доступ
[ERROR] 2025-06-03T18:50:56.024Z - leaveSession викинув помилку: Неавторизований доступ
[ERROR] 2025-06-03T18:54:29.023Z - leaveSession викинув помилку: Неавторизований доступ
[ERROR] 2025-06-03T18:54:45.561Z - leaveSession викинув помилку: Неавторизований доступ
[ERROR] 2025-06-03T18:59:44.927Z - leaveSession викинув помилку: Неавторизований доступ
[ERROR] 2025-06-03T19:00:01.963Z - leaveSession викинув помилку: Неавторизований доступ
[ERROR] 2025-06-03T19:00:11.329Z - action викинув помилку: Неавторизований доступ
[ERROR] 2025-06-03T19:00:31.353Z - action викинув помилку: Неавторизований доступ
[ERROR] 2025-06-03T19:01:43.612Z - action викинув помилку: Гравець не у грі
[ERROR] 2025-06-03T19:01:46.304Z - action викинув помилку: Гравець не у грі
[ERROR] 2025-06-04T14:05:16.658Z - leaveSession викинув помилку: Неавторизований доступ
[ERROR] 2025-06-04T14:05:34.617Z - leaveSession викинув помилку: Неавторизований доступ
[ERROR] 2025-06-04T14:05:46.777Z - action викинув помилку: Гравець не у грі
[ERROR] 2025-06-04T14:07:37.185Z - leaveSession викинув помилку: Неавторизований доступ
[ERROR] 2025-06-04T14:07:58.630Z - joinSession викинув помилку: Такої сесії не існує, або до неї неможливо доєднатися
[ERROR] 2025-06-04T14:08:01.181Z - joinSession викинув помилку: Такої сесії не існує, або до неї неможливо доєднатися
[ERROR] 2025-06-04T14:08:10.846Z - action викинув помилку: Неавторизований доступ
[ERROR] 2025-06-04T14:08:34.833Z - action викинув помилку: Гравець не у грі
[ERROR] 2025-06-04T14:09:05.079Z - action викинув помилку: Гравець не у грі
[ERROR] 2025-06-04T14:09:08.238Z - action викинув помилку: Гравець не у грі
[ERROR] 2025-06-04T14:09:16.759Z - action викинув помилку: Гравець не у грі
[ERROR] 2025-06-04T14:09:18.236Z - action викинув помилку: Гравець не у грі
[ERROR] 2025-06-04T14:18:25.486Z - action викинув помилку: Гравець не у грі
[ERROR] 2025-06-04T14:20:06.319Z - leaveSession викинув помилку: Неавторизований доступ
[ERROR] 2025-06-04T14:20:12.831Z - action викинув помилку: Гравець не у грі
[ERROR] 2025-06-04T14:20:14.600Z - action викинув помилку: Гравець не у грі
[ERROR] 2025-06-04T14:24:07.148Z - action викинув помилку: Cannot read properties of undefined (reading 'includes')
[ERROR] 2025-06-04T14:25:16.683Z - action викинув помилку: Cannot read properties of undefined (reading 'includes')
[ERROR] 2025-06-04T14:25:28.839Z - action викинув помилку: Cannot read properties of undefined (reading 'includes')
[ERROR] 2025-06-04T14:25:31.261Z - action викинув помилку: Cannot read properties of undefined (reading 'includes')
[ERROR] 2025-06-04T14:25:53.162Z - action викинув помилку: Неавторизований доступ
[ERROR] 2025-06-04T14:26:00.099Z - action викинув помилку: Гравець не у грі
[ERROR] 2025-06-04T14:26:53.561Z - leaveSession викинув помилку: Неавторизований доступ
[ERROR] 2025-06-04T14:27:01.167Z - action викинув помилку: Гравець не у грі
[ERROR] 2025-06-04T14:31:48.990Z - action викинув помилку: Недостатньо гравців для початку раунду
[ERROR] 2025-06-04T15:15:35.031Z - action викинув помилку: Не ваш хід
[ERROR] 2025-06-04T15:15:37.506Z - action викинув помилку: Не ваш хід
[ERROR] 2025-06-04T15:15:39.959Z - action викинув помилку: Не ваш хід
[ERROR] 2025-06-04T17:12:21.397Z - auth викинув помилку: data and hash arguments required
[ERROR] 2025-06-04T17:12:39.648Z - joinSession викинув помилку: Такої сесії не існує, або до неї неможливо доєднатися
[ERROR] 2025-06-04T17:12:45.368Z - action викинув помилку: Гравець не у грі
[ERROR] 2025-06-04T17:12:50.678Z - action викинув помилку: Неможливо зробити чек, потрібно зрівняти ставку
[ERROR] 2025-06-04T17:13:00.202Z - action викинув помилку: Некоректна сума підняття
[ERROR] 2025-06-04T17:13:05.524Z - action викинув помилку: Некоректна сума підняття
[ERROR] 2025-06-04T17:13:09.152Z - action викинув помилку: Не ваш хід
[ERROR] 2025-06-04T17:14:13.692Z - action викинув помилку: Ви не можете діяти
[ERROR] 2025-06-04T17:14:22.526Z - action викинув помилку: Не ваш хід
[ERROR] 2025-06-04T17:14:25.173Z - action викинув помилку: Ви не можете діяти
[ERROR] 2025-06-04T17:14:26.665Z - action викинув помилку: Ви не можете діяти
[ERROR] 2025-06-04T17:14:27.611Z - action викинув помилку: Ви не можете діяти
[ERROR] 2025-06-04T17:14:29.899Z - action викинув помилку: Не ваш хід
[ERROR] 2025-06-04T17:14:51.695Z - action викинув помилку: Не ваш хід
[ERROR] 2025-06-04T17:17:49.039Z - action викинув помилку: Ви не можете діяти
[ERROR] 2025-06-04T17:17:51.169Z - action викинув помилку: Ви не можете діяти
[ERROR] 2025-06-04T17:17:53.569Z - action викинув помилку: Не ваш хід
[ERROR] 2025-06-04T17:18:14.322Z - leaveSession викинув помилку: Неавторизований доступ
[ERROR] 2025-06-04T17:18:20.172Z - leaveSession викинув помилку: Неавторизований доступ
[ERROR] 2025-06-04T17:18:51.562Z - action викинув помилку: Неможливо зробити чек, потрібно зрівняти ставку
[ERROR] 2025-06-04T17:19:17.174Z - action викинув помилку: Не ваш хід
[ERROR] 2025-06-04T17:19:34.741Z - action викинув помилку: Не ваш хід
[ERROR] 2025-06-04T17:19:39.120Z - action викинув помилку: Некоректна сума підняття
[ERROR] 2025-06-04T17:19:46.231Z - action викинув помилку: Не ваш хід
[ERROR] 2025-06-04T17:19:52.891Z - action викинув помилку: Некоректна сума підняття
[ERROR] 2025-06-04T17:19:57.894Z - action викинув помилку: Не ваш хід
[ERROR] 2025-06-04T17:20:01.935Z - action викинув помилку: Не ваш хід
[ERROR] 2025-06-04T17:20:03.600Z - action викинув помилку: Некоректна сума підняття
[ERROR] 2025-06-04T17:26:30.279Z - joinSession викинув помилку: Такої сесії не існує, або до неї неможливо доєднатися
[ERROR] 2025-06-04T17:26:39.923Z - action викинув помилку: Неможливо зробити чек, потрібно зрівняти ставку
[ERROR] 2025-06-04T17:27:13.096Z - action викинув помилку: Не ваш хід
[ERROR] 2025-06-04T17:27:31.396Z - action викинув помилку: Не ваш хід
[ERROR] 2025-06-04T17:27:46.164Z - action викинув помилку: Не ваш хід
[ERROR] 2025-06-04T17:30:20.085Z - leaveSession викинув помилку: Неавторизований доступ
[ERROR] 2025-06-04T17:31:04.160Z - action викинув помилку: Неможливо зробити чек, потрібно зрівняти ставку
[ERROR] 2025-06-04T17:31:07.269Z - action викинув помилку: Не ваш хід
[ERROR] 2025-06-04T17:35:25.893Z - leaveSession викинув помилку: Неавторизований доступ
[ERROR] 2025-06-04T17:35:36.703Z - action викинув помилку: Гравець не у грі
[ERROR] 2025-06-04T17:35:44.157Z - action викинув помилку: Не ваш хід
[ERROR] 2025-06-04T17:35:46.339Z - action викинув помилку: Неможливо зробити чек, потрібно зрівняти ставку
[ERROR] 2025-06-04T17:35:50.089Z - action викинув помилку: Не ваш хід
[ERROR] 2025-06-04T17:35:59.644Z - action викинув помилку: Не ваш хід
[ERROR] 2025-06-04T17:36:29.353Z - action викинув помилку: Не ваш хід
[ERROR] 2025-06-04T17:39:18.754Z - action викинув помилку: Неможливо зробити чек, потрібно зрівняти ставку
[ERROR] 2025-06-04T17:46:13.444Z - leaveSession викинув помилку: Неавторизований доступ
[ERROR] 2025-06-04T17:46:25.962Z - leaveSession викинув помилку: Неавторизований доступ
[ERROR] 2025-06-04T17:46:36.883Z - action викинув помилку: Гравець не у грі
[ERROR] 2025-06-04T17:50:44.608Z - action викинув помилку: Неможливо зробити чек, потрібно зрівняти ставку
[ERROR] 2025-06-04T17:51:03.479Z - leaveSession викинув помилку: Неавторизований доступ
[ERROR] 2025-06-04T17:51:11.616Z - leaveSession викинув помилку: Неавторизований доступ
[ERROR] 2025-06-04T17:55:02.612Z - leaveSession викинув помилку: Неавторизований доступ
[ERROR] 2025-06-04T17:55:22.711Z - joinSession викинув помилку: Неавторизований доступ
[ERROR] 2025-06-04T17:56:49.400Z - action викинув помилку: Гравець не у грі
[ERROR] 2025-06-04T17:56:54.356Z - action викинув помилку: Гравець не у грі
[ERROR] 2025-06-04T17:56:57.303Z - action викинув помилку: Гравець не у грі
[ERROR] 2025-06-04T17:57:16.302Z - action викинув помилку: Гравець не у грі
[ERROR] 2025-06-04T17:58:11.999Z - leaveSession викинув помилку: Неавторизований доступ
[ERROR] 2025-06-04T17:58:20.670Z - action викинув помилку: Гравець не у грі
[ERROR] 2025-06-04T18:00:50.952Z - leaveSession викинув помилку: Неавторизований доступ
[ERROR] 2025-06-04T18:01:00.253Z - leaveSession викинув помилку: Неавторизований доступ
[ERROR] 2025-06-04T18:06:40.667Z - action викинув помилку: Гравець не у грі
[ERROR] 2025-06-04T18:09:01.844Z - action викинув помилку: Неавторизований доступ
[ERROR] 2025-06-04T18:11:45.845Z - action викинув помилку: Неавторизований доступ
[ERROR] 2025-06-04T18:12:04.176Z - action викинув помилку: Некоректна сума підняття
[ERROR] 2025-06-04T18:12:05.510Z - action викинув помилку: Некоректна сума підняття
[ERROR] 2025-06-04T18:13:11.296Z - action викинув помилку: Неавторизований доступ
[ERROR] 2025-06-04T18:13:21.429Z - leaveSession викинув помилку: Неавторизований доступ
[ERROR] 2025-06-04T18:13:36.834Z - action викинув помилку: Не ваш хід
[ERROR] 2025-06-04T18:13:51.221Z - action викинув помилку: Некоректна сума підняття
[ERROR] 2025-06-04T18:14:07.585Z - action викинув помилку: Гравець не у грі
[ERROR] 2025-06-04T18:36:28.739Z - leaveSession викинув помилку: Неавторизований доступ
[ERROR] 2025-06-04T18:36:31.184Z - leaveSession викинув помилку: Неавторизований доступ
[ERROR] 2025-06-04T18:37:56.967Z - leaveSession викинув помилку: Неавторизований доступ
[ERROR] 2025-06-04T18:38:09.221Z - action викинув помилку: Неавторизований доступ
[ERROR] 2025-06-04T18:48:26.551Z - action викинув помилку: Недостатньо гравців для початку раунду
[ERROR] 2025-06-04T18:48:39.346Z - leaveSession викинув помилку: Неавторизований доступ
[ERROR] 2025-06-04T18:49:46.263Z - action викинув помилку: Неможливо зробити чек, потрібно зрівняти ставку
[ERROR] 2025-06-04T18:50:12.702Z - action викинув помилку: Некоректна сума підняття
[ERROR] 2025-06-08T19:15:09.704Z - leaveSession викинув помилку: Неавторизований доступ
[ERROR] 2025-06-08T19:15:18.772Z - leaveSession викинув помилку: Неавторизований доступ
[ERROR] 2025-06-08T19:16:32.211Z - action викинув помилку: Недостатньо гравців для початку раунду
[ERROR] 2025-06-08T19:17:02.518Z - action викинув помилку: Неможливо зробити чек, потрібно зрівняти ставку
[ERROR] 2025-06-08T19:17:31.854Z - action викинув помилку: Не ваш хід
[ERROR] 2025-06-08T19:17:35.362Z - action викинув помилку: Не ваш хід
[ERROR] 2025-06-08T19:17:58.531Z - action викинув помилку: Не ваш хід
[ERROR] 2025-06-08T19:18:11.615Z - action викинув помилку: Гравець не у грі
[ERROR] 2025-06-08T19:18:39.330Z - action викинув помилку: Гравець не у грі
